<?xml version="1.0" encoding="UTF-8"?>
<!-- Generated by org.testng.reporters.JUnitReportReporter -->
<testsuite skipped="0" hostname="Vikass-MBP-9bac" name="com.qa.amazon.testcases.Amazonsearch_Test" tests="1" failures="0" timestamp="07 Oct 2019 09:32:26 GMT" time="24.225" errors="0">
  <testcase name="TC_AmazonSearchBox" time="24.225" classname="com.qa.amazon.testcases.Amazonsearch_Test"/>
</testsuite> <!-- com.qa.amazon.testcases.Amazonsearch_Test -->
